<?xml version="1.0" encoding="UTF-8"?>
<testng-results ignored="0" total="1" passed="1" failed="0" skipped="0">
  <reporter-output>
  </reporter-output>
  <suite started-at="2023-10-04T14:18:13 IST" name="Default suite" finished-at="2023-10-04T14:19:04 IST" duration-ms="51813">
    <groups>
    </groups>
    <test started-at="2023-10-04T14:18:13 IST" name="Default test" finished-at="2023-10-04T14:19:04 IST" duration-ms="51813">
      <class name="com.saucedemo.testLayer.HomeTest">
        <test-method is-config="true" signature="setup()[pri:0, instance:com.saucedemo.testLayer.HomeTest@689604d9]" started-at="2023-10-04T14:18:13 IST" name="setup" finished-at="2023-10-04T14:18:55 IST" duration-ms="42493" status="PASS">
          <reporter-output>
          </reporter-output>
        </test-method> <!-- setup -->
        <test-method signature="validateAddToCartButton()[pri:0, instance:com.saucedemo.testLayer.HomeTest@689604d9]" started-at="2023-10-04T14:18:55 IST" name="validateAddToCartButton" finished-at="2023-10-04T14:19:00 IST" duration-ms="4805" status="PASS">
          <reporter-output>
          </reporter-output>
        </test-method> <!-- validateAddToCartButton -->
        <test-method is-config="true" signature="end()[pri:0, instance:com.saucedemo.testLayer.HomeTest@689604d9]" started-at="2023-10-04T14:19:00 IST" name="end" finished-at="2023-10-04T14:19:04 IST" duration-ms="4412" status="PASS">
          <reporter-output>
          </reporter-output>
        </test-method> <!-- end -->
      </class> <!-- com.saucedemo.testLayer.HomeTest -->
    </test> <!-- Default test -->
  </suite> <!-- Default suite -->
</testng-results>
